<?xml version="1.0" encoding="UTF-8" ?>
<testsuite tests="6" failures="0" name="StepDefinitions.TestRunner" time="26.356" errors="4" skipped="0">
  <properties>
[...]
</properties>
  <testcase classname="Check home page functionality" name="check logout link is there" time="0.362">
    <error message="The step &apos;user is on the login page&apos; and 3 other step(s) are undefined.
You can implement these steps using the snippet(s) below:

@Given(&quot;user is on the login page&quot;)
public void user_is_on_the_login_page() {
    // Write code here that turns the phrase above into concrete actions
    throw new io.cucumber.java.PendingException();
}
@When(&quot;clicks on login button&quot;)
public void clicks_on_login_button() {
    // Write code here that turns the phrase above into concrete actions
    throw new io.cucumber.java.PendingException();
}
@When(&quot;user clicks on welcome link&quot;)
public void user_clicks_on_welcome_link() {
    // Write code here that turns the phrase above into concrete actions
    throw new io.cucumber.java.PendingException();
}
@Then(&quot;logout link is displayed&quot;)
public void logout_link_is_displayed() {
    // Write code here that turns the phrase above into concrete actions
    throw new io.cucumber.java.PendingException();
}
" type="io.cucumber.junit.UndefinedStepException">io.cucumber.junit.UndefinedStepException: The step &apos;user is on the login page&apos; and 3 other step(s) are undefined.
You can implement these steps using the snippet(s) below:

@Given(&quot;user is on the login page&quot;)
public void user_is_on_the_login_page() {
    // Write code here that turns the phrase above into concrete actions
    throw new io.cucumber.java.PendingException();
}
@When(&quot;clicks on login button&quot;)
public void clicks_on_login_button() {
    // Write code here that turns the phrase above into concrete actions
    throw new io.cucumber.java.PendingException();
}
@When(&quot;user clicks on welcome link&quot;)
public void user_clicks_on_welcome_link() {
    // Write code here that turns the phrase above into concrete actions
    throw new io.cucumber.java.PendingException();
}
@Then(&quot;logout link is displayed&quot;)
public void logout_link_is_displayed() {
    // Write code here that turns the phrase above into concrete actions
    throw new io.cucumber.java.PendingException();
}

</error>
    <system-out>
Scenario: check logout link is there     # src/test/resources/Features/BackgroundDemo/BackgroundDemo.feature:9
  Given user is on the login page
  When user enters username and password # StepDefinitions.LoginPageTest_PF.user_enters_username_and_password(java.lang.String,java.lang.String)
  And clicks on login button
  Then user is navigated to homepage     # StepDefinitions.LoginPageTest_PF.user_is_navigated_to_homepage()
  When user clicks on welcome link
  Then logout link is displayed
</system-out>
  </testcase>
  <testcase classname="Check home page functionality" name="verify quick launch toolbar is present" time="0.027">
    <error message="The step &apos;user is on the login page&apos; and 3 other step(s) are undefined.
You can implement these steps using the snippet(s) below:

@Given(&quot;user is on the login page&quot;)
public void user_is_on_the_login_page() {
    // Write code here that turns the phrase above into concrete actions
    throw new io.cucumber.java.PendingException();
}
@When(&quot;clicks on login button&quot;)
public void clicks_on_login_button() {
    // Write code here that turns the phrase above into concrete actions
    throw new io.cucumber.java.PendingException();
}
@When(&quot;user clicks on dashboard link&quot;)
public void user_clicks_on_dashboard_link() {
    // Write code here that turns the phrase above into concrete actions
    throw new io.cucumber.java.PendingException();
}
@Then(&quot;quick launch toolbar is displayed&quot;)
public void quick_launch_toolbar_is_displayed() {
    // Write code here that turns the phrase above into concrete actions
    throw new io.cucumber.java.PendingException();
}
" type="io.cucumber.junit.UndefinedStepException">io.cucumber.junit.UndefinedStepException: The step &apos;user is on the login page&apos; and 3 other step(s) are undefined.
You can implement these steps using the snippet(s) below:

@Given(&quot;user is on the login page&quot;)
public void user_is_on_the_login_page() {
    // Write code here that turns the phrase above into concrete actions
    throw new io.cucumber.java.PendingException();
}
@When(&quot;clicks on login button&quot;)
public void clicks_on_login_button() {
    // Write code here that turns the phrase above into concrete actions
    throw new io.cucumber.java.PendingException();
}
@When(&quot;user clicks on dashboard link&quot;)
public void user_clicks_on_dashboard_link() {
    // Write code here that turns the phrase above into concrete actions
    throw new io.cucumber.java.PendingException();
}
@Then(&quot;quick launch toolbar is displayed&quot;)
public void quick_launch_toolbar_is_displayed() {
    // Write code here that turns the phrase above into concrete actions
    throw new io.cucumber.java.PendingException();
}

</error>
    <system-out>
Scenario: verify quick launch toolbar is present # src/test/resources/Features/BackgroundDemo/BackgroundDemo.feature:14
  Given user is on the login page
  When user enters username and password         # StepDefinitions.LoginPageTest_PF.user_enters_username_and_password(java.lang.String,java.lang.String)
  And clicks on login button
  Then user is navigated to homepage             # StepDefinitions.LoginPageTest_PF.user_is_navigated_to_homepage()
  When user clicks on dashboard link
  Then quick launch toolbar is displayed
</system-out>
  </testcase>
  <testcase classname="feature to test google search functionality" name="validate google search is working" time="3.793">
    <error message="The step &apos;user is on google search page&apos; and 3 other step(s) are undefined.
You can implement these steps using the snippet(s) below:

@Given(&quot;user is on google search page&quot;)
public void user_is_on_google_search_page() {
    // Write code here that turns the phrase above into concrete actions
    throw new io.cucumber.java.PendingException();
}
@When(&quot;user enters a text in searchbox&quot;)
public void user_enters_a_text_in_searchbox() {
    // Write code here that turns the phrase above into concrete actions
    throw new io.cucumber.java.PendingException();
}
@When(&quot;hits enter&quot;)
public void hits_enter() {
    // Write code here that turns the phrase above into concrete actions
    throw new io.cucumber.java.PendingException();
}
@Then(&quot;user is navigated to search results&quot;)
public void user_is_navigated_to_search_results() {
    // Write code here that turns the phrase above into concrete actions
    throw new io.cucumber.java.PendingException();
}
" type="io.cucumber.junit.UndefinedStepException">io.cucumber.junit.UndefinedStepException: The step &apos;user is on google search page&apos; and 3 other step(s) are undefined.
You can implement these steps using the snippet(s) below:

@Given(&quot;user is on google search page&quot;)
public void user_is_on_google_search_page() {
    // Write code here that turns the phrase above into concrete actions
    throw new io.cucumber.java.PendingException();
}
@When(&quot;user enters a text in searchbox&quot;)
public void user_enters_a_text_in_searchbox() {
    // Write code here that turns the phrase above into concrete actions
    throw new io.cucumber.java.PendingException();
}
@When(&quot;hits enter&quot;)
public void hits_enter() {
    // Write code here that turns the phrase above into concrete actions
    throw new io.cucumber.java.PendingException();
}
@Then(&quot;user is navigated to search results&quot;)
public void user_is_navigated_to_search_results() {
    // Write code here that turns the phrase above into concrete actions
    throw new io.cucumber.java.PendingException();
}

</error>
    <system-out>
Scenario: validate google search is working # src/test/resources/Features/GoogleSearch.feature:3
======= I am inside LoginPageTest_PF class =======
  Given browser is open                     # StepDefinitions.LoginPageTest_PF.browser_is_open()
  And user is on google search page
  When user enters a text in searchbox
  And hits enter
  Then user is navigated to search results
</system-out>
    <system-err>Starting ChromeDriver 98.0.4758.80 (7f0488e8ba0d8e019187c6325a16c29d9b7f4989-refs/branch-heads/4758@{#972}) on port 3002
Only local connections are allowed.
Please see https://chromedriver.chromium.org/security-considerations for suggestions on keeping ChromeDriver safe.
ChromeDriver was started successfully.
Feb 21, 2022 5:03:13 PM org.openqa.selenium.remote.ProtocolHandshake createSession
INFO: Detected dialect: W3C
</system-err>
  </testcase>
  <testcase classname="Test login functionality" name="Check login is successful with valid credentials #1" time="11.152"/>
  <testcase classname="Test login functionality" name="Check login is successful with valid credentials #2" time="11.006"/>
  <testcase classname="feature to test login functionality" name="check login is successful with valid credentials" time="0.016">
    <error message="The step &apos;the user is on login page&apos; and 1 other step(s) are undefined.
You can implement these steps using the snippet(s) below:

@Given(&quot;the user is on login page&quot;)
public void the_user_is_on_login_page() {
    // Write code here that turns the phrase above into concrete actions
    throw new io.cucumber.java.PendingException();
}
@When(&quot;clicks on login button&quot;)
public void clicks_on_login_button() {
    // Write code here that turns the phrase above into concrete actions
    throw new io.cucumber.java.PendingException();
}
" type="io.cucumber.junit.UndefinedStepException">io.cucumber.junit.UndefinedStepException: The step &apos;the user is on login page&apos; and 1 other step(s) are undefined.
You can implement these steps using the snippet(s) below:

@Given(&quot;the user is on login page&quot;)
public void the_user_is_on_login_page() {
    // Write code here that turns the phrase above into concrete actions
    throw new io.cucumber.java.PendingException();
}
@When(&quot;clicks on login button&quot;)
public void clicks_on_login_button() {
    // Write code here that turns the phrase above into concrete actions
    throw new io.cucumber.java.PendingException();
}

</error>
    <system-out>
@KPFeature @smoketest
Scenario: check login is successful with valid credentials # src/test/resources/Features/loggin.feature:9
  Given the user is on login page
  When user enters username and password                   # StepDefinitions.LoginPageTest_PF.user_enters_username_and_password(java.lang.String,java.lang.String)
  And clicks on login button
  Then user is navigated to homepage                       # StepDefinitions.LoginPageTest_PF.user_is_navigated_to_homepage()
</system-out>
  </testcase>
</testsuite>