<?xml version="1.0" encoding="UTF-8" ?>
<testsuite tests="2" failures="0" name="StepDefinitions.TestRunnerForHooks" time="3.668" errors="1" skipped="0">
  <properties>
[...]
</properties>
  <testcase classname="check login funtionality" name=" #1" time="3.657"/>
  <testcase classname="check login funtionality" name=" #2" time="0.011">
    <error type="java.lang.NullPointerException">java.lang.NullPointerException
	at StepsForHooks.HooksDemoSteps.tearDown(HooksDemoSteps.java:44)
</error>
    <system-out>
Scenario:                                      # src/test/resources/HooksDemo/HooksDemo.feature:10
==== I am inside setup2====
------I am inside beforeSteps-----
  Given user is on login page                  # StepsForHooks.HooksDemoSteps.user_is_on_login_page()
====I am inside afterSteps===
------I am inside beforeSteps-----
  When user enters valid username and password # StepsForHooks.HooksDemoSteps.user_enters_valid_username_and_password()
====I am inside afterSteps===
------I am inside beforeSteps-----
  And clicks on login button                   # StepsForHooks.HooksDemoSteps.clicks_on_login_button()
====I am inside afterSteps===
------I am inside beforeSteps-----
  Then user is navigated to homepage           # StepsForHooks.HooksDemoSteps.user_is_navigated_to_homepage()
====I am inside afterSteps===
==== I am inside tearDown2=====
====I am in tearDown method====
      java.lang.NullPointerException
	at StepsForHooks.HooksDemoSteps.tearDown(HooksDemoSteps.java:44)

</system-out>
  </testcase>
</testsuite>