<?xml version="1.0" encoding="UTF-8" standalone="no"?>
<testsuite errors="0" failures="1" name="io.cucumber.core.plugin.JUnitFormatter" skipped="0" tests="2" time="3.679">
    <testcase classname="check login funtionality" name="_2" time="3.647">
        <system-out><![CDATA[Given user is on login page.................................................passed
When user enters valid username and password................................passed
And clicks on login button..................................................passed
Then user is navigated to homepage..........................................passed
]]></system-out>
    </testcase>
    <testcase classname="check login funtionality" name="_3" time="0.006">
        <failure message="" type="java.lang.NullPointerException"><![CDATA[Given user is on login page.................................................passed
When user enters valid username and password................................passed
And clicks on login button..................................................passed
Then user is navigated to homepage..........................................passed

StackTrace:
java.lang.NullPointerException
	at StepsForHooks.HooksDemoSteps.tearDown(HooksDemoSteps.java:44)
]]></failure>
    </testcase>
</testsuite>
